01_Data_Collection_App/build/app/outputs/logs/manifest-merger-debug-report.txt
-- Merging decision tree log ---
application
INJECTED from src\main\AndroidManifest.xml:9:5-39:19
MERGED from [:flutter_background_service_android] AndroidManifest.xml:11:5-32:19
MERGED from [:flutter_background_service_android] AndroidManifest.xml:11:5-32:19
MERGED from [:flutter_email_sender] AndroidManifest.xml:7:5-17:19
MERGED from [:flutter_email_sender] AndroidManifest.xml:7:5-17:19
MERGED from [:share_plus] AndroidManifest.xml:7:5-33:19
MERGED from [:share_plus] AndroidManifest.xml:7:5-33:19
MERGED from [androidx.work:work-runtime:2.8.1] AndroidManifest.xml:28:5-143:19
MERGED from [androidx.work:work-runtime:2.8.1] AndroidManifest.xml:28:5-143:19
MERGED from [androidx.room:room-runtime:2.5.0] AndroidManifest.xml:23:5-29:19
MERGED from [androidx.room:room-runtime:2.5.0] AndroidManifest.xml:23:5-29:19
MERGED from [androidx.window:window:1.2.0] AndroidManifest.xml:22:5-29:19
MERGED from [androidx.window:window:1.2.0] AndroidManifest.xml:22:5-29:19
MERGED from [androidx.emoji2:emoji2:1.2.0] AndroidManifest.xml:23:5-33:19
MERGED from [androidx.emoji2:emoji2:1.2.0] AndroidManifest.xml:23:5-33:19
MERGED from [androidx.core:core:1.13.1] AndroidManifest.xml:28:5-89
MERGED from [androidx.core:core:1.13.1] AndroidManifest.xml:28:5-89
MERGED from [androidx.lifecycle:lifecycle-process:2.7.0] AndroidManifest.xml:23:5-33:19
MERGED from [androidx.lifecycle:lifecycle-process:2.7.0] AndroidManifest.xml:23:5-33:19
MERGED from [androidx.profileinstaller:profileinstaller:1.3.1] AndroidManifest.xml:23:5-53:19
MERGED from [androidx.profileinstaller:profileinstaller:1.3.1] AndroidManifest.xml:23:5-53:19
MERGED from [androidx.startup:startup-runtime:1.1.1] AndroidManifest.xml:25:5-31:19
MERGED from [androidx.startup:startup-runtime:1.1.1] AndroidManifest.xml:25:5-31:19
MERGED from [androidx.versionedparcelable:versionedparcelable:1.1.1] AndroidManifest.xml:24:5-25:19
MERGED from [androidx.versionedparcelable:versionedparcelable:1.1.1] AndroidManifest.xml:24:5-25:19
	android:appComponentFactory
		ADDED from [androidx.core:core:1.13.1] AndroidManifest.xml:28:18-86
	android:name
		INJECTED from src\main\AndroidManifest.xml
manifest
ADDED from src\main\AndroidManifest.xml:1:1-49:12
INJECTED from src\main\AndroidManifest.xml:1:1-49:12
INJECTED from src\main\AndroidManifest.xml:1:1-49:12
INJECTED from src\main\AndroidManifest.xml:1:1-49:12
MERGED from src\main\AndroidManifest.xml:1:1-49:12
MERGED from [:flutter_background_service_android] AndroidManifest.xml:2:1-34:12
MERGED from [:flutter_email_sender] AndroidManifest.xml:2:1-19:12
MERGED from [:flutter_local_notifications] AndroidManifest.xml:2:1-10:12
MERGED from [:path_provider_android] AndroidManifest.xml:2:1-7:12
MERGED from [:permission_handler_android] AndroidManifest.xml:2:1-7:12
MERGED from [:sensors_plus] AndroidManifest.xml:2:1-7:12
MERGED from [:share_plus] AndroidManifest.xml:2:1-35:12
MERGED from [:workmanager] AndroidManifest.xml:2:1-7:12
MERGED from [androidx.work:work-runtime:2.8.1] AndroidManifest.xml:17:1-145:12
MERGED from [androidx.room:room-runtime:2.5.0] AndroidManifest.xml:17:1-31:12
MERGED from [androidx.appcompat:appcompat-resources:1.6.1] AndroidManifest.xml:17:1-22:12
MERGED from [androidx.appcompat:appcompat:1.6.1] AndroidManifest.xml:17:1-22:12
MERGED from [androidx.media:media:1.1.0] AndroidManifest.xml:17:1-24:12
MERGED from [androidx.window:window:1.2.0] AndroidManifest.xml:17:1-31:12
MERGED from [androidx.window:window-java:1.2.0] AndroidManifest.xml:17:1-21:12
MERGED from [androidx.drawerlayout:drawerlayout:1.0.0] AndroidManifest.xml:17:1-22:12
MERGED from [androidx.emoji2:emoji2-views-helper:1.2.0] AndroidManifest.xml:2:1-7:12
MERGED from [androidx.emoji2:emoji2:1.2.0] AndroidManifest.xml:17:1-35:12
MERGED from [androidx.fragment:fragment:1.7.1] AndroidManifest.xml:2:1-7:12
MERGED from [androidx.activity:activity:1.8.1] AndroidManifest.xml:17:1-22:12
MERGED from [androidx.loader:loader:1.0.0] AndroidManifest.xml:17:1-22:12
MERGED from [androidx.lifecycle:lifecycle-livedata-core-ktx:2.7.0] AndroidManifest.xml:2:1-7:12
MERGED from [androidx.lifecycle:lifecycle-livedata-core:2.7.0] AndroidManifest.xml:17:1-22:12
MERGED from [androidx.lifecycle:lifecycle-viewmodel:2.7.0] AndroidManifest.xml:17:1-22:12
MERGED from [androidx.lifecycle:lifecycle-service:2.7.0] AndroidManifest.xml:2:1-7:12
MERGED from [androidx.lifecycle:lifecycle-livedata:2.7.0] AndroidManifest.xml:17:1-22:12
MERGED from [androidx.lifecycle:lifecycle-viewmodel-savedstate:2.7.0] AndroidManifest.xml:17:1-22:12
MERGED from [androidx.core:core-ktx:1.13.1] AndroidManifest.xml:2:1-7:12
MERGED from [androidx.viewpager:viewpager:1.0.0] AndroidManifest.xml:17:1-22:12
MERGED from [androidx.vectordrawable:vectordrawable-animated:1.1.0] AndroidManifest.xml:17:1-24:12
MERGED from [androidx.vectordrawable:vectordrawable:1.1.0] AndroidManifest.xml:17:1-24:12
MERGED from [androidx.customview:customview:1.0.0] AndroidManifest.xml:17:1-22:12
MERGED from [androidx.core:core:1.13.1] AndroidManifest.xml:17:1-30:12
MERGED from [androidx.lifecycle:lifecycle-runtime:2.7.0] AndroidManifest.xml:2:1-7:12
MERGED from [androidx.lifecycle:lifecycle-process:2.7.0] AndroidManifest.xml:17:1-35:12
MERGED from [androidx.savedstate:savedstate:1.2.1] AndroidManifest.xml:17:1-22:12
MERGED from [androidx.profileinstaller:profileinstaller:1.3.1] AndroidManifest.xml:17:1-55:12
MERGED from [androidx.startup:startup-runtime:1.1.1] AndroidManifest.xml:17:1-33:12
MERGED from [androidx.tracing:tracing:1.2.0] AndroidManifest.xml:17:1-22:12
MERGED from [androidx.cursoradapter:cursoradapter:1.0.0] AndroidManifest.xml:17:1-22:12
MERGED from [androidx.sqlite:sqlite-framework:2.3.0] AndroidManifest.xml:17:1-22:12
MERGED from [androidx.interpolator:interpolator:1.0.0] AndroidManifest.xml:17:1-22:12
MERGED from [androidx.versionedparcelable:versionedparcelable:1.1.1] AndroidManifest.xml:17:1-27:12
MERGED from [androidx.arch.core:core-runtime:2.2.0] AndroidManifest.xml:17:1-22:12
MERGED from [androidx.sqlite:sqlite:2.3.0] AndroidManifest.xml:17:1-22:12
MERGED from [androidx.window.extensions.core:core:1.0.0] AndroidManifest.xml:2:1-7:12
MERGED from [androidx.annotation:annotation-experimental:1.4.0] AndroidManifest.xml:2:1-7:12
INJECTED from src\debug\AndroidManifest.xml:1:1-7:12
INJECTED from src\debug\AndroidManifest.xml:1:1-7:12
INJECTED from src\debug\AndroidManifest.xml:1:1-7:12
	package
		INJECTED from src\main\AndroidManifest.xml
		ADDED from src\main\AndroidManifest.xml:1:1-49:12
		INJECTED from src\debug\AndroidManifest.xml
	android:versionName
		INJECTED from src\main\AndroidManifest.xml
		ADDED from src\main\AndroidManifest.xml:1:1-49:12
		INJECTED from src\debug\AndroidManifest.xml
	xmlns:tools
		ADDED from src\main\AndroidManifest.xml:1:11-57
		ADDED from src\main\AndroidManifest.xml:1:11-57
	android:versionCode
		INJECTED from src\main\AndroidManifest.xml
		ADDED from src\main\AndroidManifest.xml:1:1-49:12
		INJECTED from src\debug\AndroidManifest.xml
	xmlns:android
		ADDED from src\main\AndroidManifest.xml:2:5-63
uses-permission#android.permission.WRITE_EXTERNAL_STORAGE
ADDED from src\main\AndroidManifest.xml:5:5-80
	android:name
		ADDED from src\main\AndroidManifest.xml:5:22-78
uses-permission#android.permission.READ_EXTERNAL_STORAGE
ADDED from src\main\AndroidManifest.xml:6:5-79
	android:name
		ADDED from src\main\AndroidManifest.xml:6:22-77
uses-permission#android.permission.INTERNET
ADDED from src\main\AndroidManifest.xml:7:5-66
MERGED from src\main\AndroidManifest.xml:7:5-66
MERGED from src\main\AndroidManifest.xml:7:5-66
	android:name
		ADDED from src\main\AndroidManifest.xml:7:22-64
queries
ADDED from src\main\AndroidManifest.xml:42:5-47:15
intent#action:name:android.intent.action.PROCESS_TEXT+data:mimeType:text/plain
ADDED from src\main\AndroidManifest.xml:43:9-46:18
action#android.intent.action.PROCESS_TEXT
ADDED from src\main\AndroidManifest.xml:44:13-72
	android:name
		ADDED from src\main\AndroidManifest.xml:44:21-70
data
ADDED from src\main\AndroidManifest.xml:45:13-50
	android:mimeType
		ADDED from src\main\AndroidManifest.xml:45:19-48
uses-sdk
INJECTED from src\main\AndroidManifest.xml reason: use-sdk injection requested
INJECTED from src\main\AndroidManifest.xml
INJECTED from src\main\AndroidManifest.xml
MERGED from [:flutter_background_service_android] AndroidManifest.xml:5:5-44
MERGED from [:flutter_background_service_android] AndroidManifest.xml:5:5-44
MERGED from [:flutter_email_sender] AndroidManifest.xml:5:5-44
MERGED from [:flutter_email_sender] AndroidManifest.xml:5:5-44
MERGED from [:flutter_local_notifications] AndroidManifest.xml:5:5-44
MERGED from [:flutter_local_notifications] AndroidManifest.xml:5:5-44
MERGED from [:path_provider_android] AndroidManifest.xml:5:5-44
MERGED from [:path_provider_android] AndroidManifest.xml:5:5-44
MERGED from [:permission_handler_android] AndroidManifest.xml:5:5-44
MERGED from [:permission_handler_android] AndroidManifest.xml:5:5-44
MERGED from [:sensors_plus] AndroidManifest.xml:5:5-44
MERGED from [:sensors_plus] AndroidManifest.xml:5:5-44
MERGED from [:share_plus] AndroidManifest.xml:5:5-44
MERGED from [:share_plus] AndroidManifest.xml:5:5-44
MERGED from [:workmanager] AndroidManifest.xml:5:5-44
MERGED from [:workmanager] AndroidManifest.xml:5:5-44
MERGED from [androidx.work:work-runtime:2.8.1] AndroidManifest.xml:21:5-44
MERGED from [androidx.work:work-runtime:2.8.1] AndroidManifest.xml:21:5-44
MERGED from [androidx.room:room-runtime:2.5.0] AndroidManifest.xml:21:5-44
MERGED from [androidx.room:room-runtime:2.5.0] AndroidManifest.xml:21:5-44
MERGED from [androidx.appcompat:appcompat-resources:1.6.1] AndroidManifest.xml:20:5-44
MERGED from [androidx.appcompat:appcompat-resources:1.6.1] AndroidManifest.xml:20:5-44
MERGED from [androidx.appcompat:appcompat:1.6.1] AndroidManifest.xml:20:5-44
MERGED from [androidx.appcompat:appcompat:1.6.1] AndroidManifest.xml:20:5-44
MERGED from [androidx.media:media:1.1.0] AndroidManifest.xml:20:5-22:41
MERGED from [androidx.media:media:1.1.0] AndroidManifest.xml:20:5-22:41
MERGED from [androidx.window:window:1.2.0] AndroidManifest.xml:20:5-44
MERGED from [androidx.window:window:1.2.0] AndroidManifest.xml:20:5-44
MERGED from [androidx.window:window-java:1.2.0] AndroidManifest.xml:19:5-44
MERGED from [androidx.window:window-java:1.2.0] AndroidManifest.xml:19:5-44
MERGED from [androidx.drawerlayout:drawerlayout:1.0.0] AndroidManifest.xml:20:5-44
MERGED from [androidx.drawerlayout:drawerlayout:1.0.0] AndroidManifest.xml:20:5-44
MERGED from [androidx.emoji2:emoji2-views-helper:1.2.0] AndroidManifest.xml:5:5-44
MERGED from [androidx.emoji2:emoji2-views-helper:1.2.0] AndroidManifest.xml:5:5-44
MERGED from [androidx.emoji2:emoji2:1.2.0] AndroidManifest.xml:21:5-44
MERGED from [androidx.emoji2:emoji2:1.2.0] AndroidManifest.xml:21:5-44
MERGED from [androidx.fragment:fragment:1.7.1] AndroidManifest.xml:5:5-44
MERGED from [androidx.fragment:fragment:1.7.1] AndroidManifest.xml:5:5-44
MERGED from [androidx.activity:activity:1.8.1] AndroidManifest.xml:20:5-44
MERGED from [androidx.activity:activity:1.8.1] AndroidManifest.xml:20:5-44
MERGED from [androidx.loader:loader:1.0.0] AndroidManifest.xml:20:5-44
MERGED from [androidx.loader:loader:1.0.0] AndroidManifest.xml:20:5-44
MERGED from [androidx.lifecycle:lifecycle-livedata-core-ktx:2.7.0] AndroidManifest.xml:5:5-44
MERGED from [androidx.lifecycle:lifecycle-livedata-core-ktx:2.7.0] AndroidManifest.xml:5:5-44
MERGED from [androidx.lifecycle:lifecycle-livedata-core:2.7.0] AndroidManifest.xml:20:5-44
MERGED from [androidx.lifecycle:lifecycle-livedata-core:2.7.0] AndroidManifest.xml:20:5-44
MERGED from [androidx.lifecycle:lifecycle-viewmodel:2.7.0] AndroidManifest.xml:20:5-44
MERGED from [androidx.lifecycle:lifecycle-viewmodel:2.7.0] AndroidManifest.xml:20:5-44
MERGED from [androidx.lifecycle:lifecycle-service:2.7.0] AndroidManifest.xml:5:5-44
MERGED from [androidx.lifecycle:lifecycle-service:2.7.0] AndroidManifest.xml:5:5-44
MERGED from [androidx.lifecycle:lifecycle-livedata:2.7.0] AndroidManifest.xml:20:5-44
MERGED from [androidx.lifecycle:lifecycle-livedata:2.7.0] AndroidManifest.xml:20:5-44
MERGED from [androidx.lifecycle:lifecycle-viewmodel-savedstate:2.7.0] AndroidManifest.xml:20:5-44
MERGED from [androidx.lifecycle:lifecycle-viewmodel-savedstate:2.7.0] AndroidManifest.xml:20:5-44
MERGED from [androidx.core:core-ktx:1.13.1] AndroidManifest.xml:5:5-44
MERGED from [androidx.core:core-ktx:1.13.1] AndroidManifest.xml:5:5-44
MERGED from [androidx.viewpager:viewpager:1.0.0] AndroidManifest.xml:20:5-44
MERGED from [androidx.viewpager:viewpager:1.0.0] AndroidManifest.xml:20:5-44
MERGED from [androidx.vectordrawable:vectordrawable-animated:1.1.0] AndroidManifest.xml:20:5-22:41
MERGED from [androidx.vectordrawable:vectordrawable-animated:1.1.0] AndroidManifest.xml:20:5-22:41
MERGED from [androidx.vectordrawable:vectordrawable:1.1.0] AndroidManifest.xml:20:5-22:41
MERGED from [androidx.vectordrawable:vectordrawable:1.1.0] AndroidManifest.xml:20:5-22:41
MERGED from [androidx.customview:customview:1.0.0] AndroidManifest.xml:20:5-44
MERGED from [androidx.customview:customview:1.0.0] AndroidManifest.xml:20:5-44
MERGED from [androidx.core:core:1.13.1] AndroidManifest.xml:20:5-44
MERGED from [androidx.core:core:1.13.1] AndroidManifest.xml:20:5-44
MERGED from [androidx.lifecycle:lifecycle-runtime:2.7.0] AndroidManifest.xml:5:5-44
MERGED from [androidx.lifecycle:lifecycle-runtime:2.7.0] AndroidManifest.xml:5:5-44
MERGED from [androidx.lifecycle:lifecycle-process:2.7.0] AndroidManifest.xml:21:5-44
MERGED from [androidx.lifecycle:lifecycle-process:2.7.0] AndroidManifest.xml:21:5-44
MERGED from [androidx.savedstate:savedstate:1.2.1] AndroidManifest.xml:20:5-44
MERGED from [androidx.savedstate:savedstate:1.2.1] AndroidManifest.xml:20:5-44
MERGED from [androidx.profileinstaller:profileinstaller:1.3.1] AndroidManifest.xml:21:5-44
MERGED from [androidx.profileinstaller:profileinstaller:1.3.1] AndroidManifest.xml:21:5-44
MERGED from [androidx.startup:startup-runtime:1.1.1] AndroidManifest.xml:21:5-23:41
MERGED from [androidx.startup:startup-runtime:1.1.1] AndroidManifest.xml:21:5-23:41
MERGED from [androidx.tracing:tracing:1.2.0] AndroidManifest.xml:20:5-44
MERGED from [androidx.tracing:tracing:1.2.0] AndroidManifest.xml:20:5-44
MERGED from [androidx.cursoradapter:cursoradapter:1.0.0] AndroidManifest.xml:20:5-44
MERGED from [androidx.cursoradapter:cursoradapter:1.0.0] AndroidManifest.xml:20:5-44
MERGED from [androidx.sqlite:sqlite-framework:2.3.0] AndroidManifest.xml:20:5-44
MERGED from [androidx.sqlite:sqlite-framework:2.3.0] AndroidManifest.xml:20:5-44
MERGED from [androidx.interpolator:interpolator:1.0.0] AndroidManifest.xml:20:5-44
MERGED from [androidx.interpolator:interpolator:1.0.0] AndroidManifest.xml:20:5-44
MERGED from [androidx.versionedparcelable:versionedparcelable:1.1.1] AndroidManifest.xml:20:5-22:41
MERGED from [androidx.versionedparcelable:versionedparcelable:1.1.1] AndroidManifest.xml:20:5-22:41
MERGED from [androidx.arch.core:core-runtime:2.2.0] AndroidManifest.xml:20:5-44
MERGED from [androidx.arch.core:core-runtime:2.2.0] AndroidManifest.xml:20:5-44
MERGED from [androidx.sqlite:sqlite:2.3.0] AndroidManifest.xml:20:5-44
MERGED from [androidx.sqlite:sqlite:2.3.0] AndroidManifest.xml:20:5-44
MERGED from [androidx.window.extensions.core:core:1.0.0] AndroidManifest.xml:5:5-44
MERGED from [androidx.window.extensions.core:core:1.0.0] AndroidManifest.xml:5:5-44
MERGED from [androidx.annotation:annotation-experimental:1.4.0] AndroidManifest.xml:5:5-44
MERGED from [androidx.annotation:annotation-experimental:1.4.0] AndroidManifest.xml:5:5-44
INJECTED from src\debug\AndroidManifest.xml
INJECTED from src\debug\AndroidManifest.xml
	android:targetSdkVersion
		INJECTED from src\main\AndroidManifest.xml
		INJECTED from src\debug\AndroidManifest.xml
	android:minSdkVersion
		INJECTED from src\main\AndroidManifest.xml
		INJECTED from src\debug\AndroidManifest.xml
uses-permission#android.permission.FOREGROUND_SERVICE
ADDED from [:flutter_background_service_android] AndroidManifest.xml:7:5-77
MERGED from [androidx.work:work-runtime:2.8.1] AndroidManifest.xml:26:5-77
MERGED from [androidx.work:work-runtime:2.8.1] AndroidManifest.xml:26:5-77
	android:name
		ADDED from [:flutter_background_service_android] AndroidManifest.xml:7:22-74
uses-permission#android.permission.RECEIVE_BOOT_COMPLETED
ADDED from [:flutter_background_service_android] AndroidManifest.xml:8:5-81
MERGED from [androidx.work:work-runtime:2.8.1] AndroidManifest.xml:25:5-81
MERGED from [androidx.work:work-runtime:2.8.1] AndroidManifest.xml:25:5-81
	android:name
		ADDED from [:flutter_background_service_android] AndroidManifest.xml:8:22-78
uses-permission#android.permission.WAKE_LOCK
ADDED from [:flutter_background_service_android] AndroidManifest.xml:9:5-68
MERGED from [androidx.work:work-runtime:2.8.1] AndroidManifest.xml:23:5-68
MERGED from [androidx.work:work-runtime:2.8.1] AndroidManifest.xml:23:5-68
	android:name
		ADDED from [:flutter_background_service_android] AndroidManifest.xml:9:22-65
service#id.flutter.flutter_background_service.BackgroundService
ADDED from [:flutter_background_service_android] AndroidManifest.xml:12:9-16:44
	android:enabled
		ADDED from [:flutter_background_service_android] AndroidManifest.xml:14:13-35
	android:exported
		ADDED from [:flutter_background_service_android] AndroidManifest.xml:15:13-36
	android:stopWithTask
		ADDED from [:flutter_background_service_android] AndroidManifest.xml:16:13-41
	android:name
		ADDED from [:flutter_background_service_android] AndroidManifest.xml:13:13-83
receiver#id.flutter.flutter_background_service.WatchdogReceiver
ADDED from [:flutter_background_service_android] AndroidManifest.xml:18:9-21:39
	android:enabled
		ADDED from [:flutter_background_service_android] AndroidManifest.xml:20:13-35
	android:exported
		ADDED from [:flutter_background_service_android] AndroidManifest.xml:21:13-36
	android:name
		ADDED from [:flutter_background_service_android] AndroidManifest.xml:19:13-82
receiver#id.flutter.flutter_background_service.BootReceiver
ADDED from [:flutter_background_service_android] AndroidManifest.xml:22:9-31:20
	android:enabled
		ADDED from [:flutter_background_service_android] AndroidManifest.xml:24:13-35
	android:exported
		ADDED from [:flutter_background_service_android] AndroidManifest.xml:25:13-36
	android:name
		ADDED from [:flutter_background_service_android] AndroidManifest.xml:23:13-78
intent-filter#action:name:android.intent.action.BOOT_COMPLETED+action:name:android.intent.action.MY_PACKAGE_REPLACED+action:name:android.intent.action.QUICKBOOT_POWERON
ADDED from [:flutter_background_service_android] AndroidManifest.xml:26:13-30:29
action#android.intent.action.BOOT_COMPLETED
ADDED from [:flutter_background_service_android] AndroidManifest.xml:27:17-79
	android:name
		ADDED from [:flutter_background_service_android] AndroidManifest.xml:27:25-76
action#android.intent.action.QUICKBOOT_POWERON
ADDED from [:flutter_background_service_android] AndroidManifest.xml:28:17-82
	android:name
		ADDED from [:flutter_background_service_android] AndroidManifest.xml:28:25-79
action#android.intent.action.MY_PACKAGE_REPLACED
ADDED from [:flutter_background_service_android] AndroidManifest.xml:29:17-84
	android:name
		ADDED from [:flutter_background_service_android] AndroidManifest.xml:29:25-81
provider#com.sidlatau.flutteremailsender.FlutterEmailSenderFileProvider
ADDED from [:flutter_email_sender] AndroidManifest.xml:8:9-16:20
	android:grantUriPermissions
		ADDED from [:flutter_email_sender] AndroidManifest.xml:12:13-47
	android:authorities
		ADDED from [:flutter_email_sender] AndroidManifest.xml:10:13-65
	android:exported
		ADDED from [:flutter_email_sender] AndroidManifest.xml:11:13-37
	android:name
		ADDED from [:flutter_email_sender] AndroidManifest.xml:9:13-90
meta-data#android.support.FILE_PROVIDER_PATHS
ADDED from [:flutter_email_sender] AndroidManifest.xml:13:13-15:61
	android:resource
		ADDED from [:flutter_email_sender] AndroidManifest.xml:15:17-58
	android:name
		ADDED from [:flutter_email_sender] AndroidManifest.xml:14:17-67
uses-permission#android.permission.VIBRATE
ADDED from [:flutter_local_notifications] AndroidManifest.xml:7:5-66
	android:name
		ADDED from [:flutter_local_notifications] AndroidManifest.xml:7:22-63
uses-permission#android.permission.POST_NOTIFICATIONS
ADDED from [:flutter_local_notifications] AndroidManifest.xml:8:5-77
	android:name
		ADDED from [:flutter_local_notifications] AndroidManifest.xml:8:22-74
provider#dev.fluttercommunity.plus.share.ShareFileProvider
ADDED from [:share_plus] AndroidManifest.xml:13:9-21:20
	android:grantUriPermissions
		ADDED from [:share_plus] AndroidManifest.xml:17:13-47
	android:authorities
		ADDED from [:share_plus] AndroidManifest.xml:15:13-74
	android:exported
		ADDED from [:share_plus] AndroidManifest.xml:16:13-37
	android:name
		ADDED from [:share_plus] AndroidManifest.xml:14:13-77
receiver#dev.fluttercommunity.plus.share.SharePlusPendingIntent
ADDED from [:share_plus] AndroidManifest.xml:26:9-32:20
	android:exported
		ADDED from [:share_plus] AndroidManifest.xml:28:13-37
	android:name
		ADDED from [:share_plus] AndroidManifest.xml:27:13-82
intent-filter#action:name:EXTRA_CHOSEN_COMPONENT
ADDED from [:share_plus] AndroidManifest.xml:29:13-31:29
action#EXTRA_CHOSEN_COMPONENT
ADDED from [:share_plus] AndroidManifest.xml:30:17-65
	android:name
		ADDED from [:share_plus] AndroidManifest.xml:30:25-62
uses-permission#android.permission.ACCESS_NETWORK_STATE
ADDED from [androidx.work:work-runtime:2.8.1] AndroidManifest.xml:24:5-79
	android:name
		ADDED from [androidx.work:work-runtime:2.8.1] AndroidManifest.xml:24:22-76
provider#androidx.startup.InitializationProvider
ADDED from [androidx.work:work-runtime:2.8.1] AndroidManifest.xml:29:9-37:20
MERGED from [androidx.emoji2:emoji2:1.2.0] AndroidManifest.xml:24:9-32:20
MERGED from [androidx.emoji2:emoji2:1.2.0] AndroidManifest.xml:24:9-32:20
MERGED from [androidx.lifecycle:lifecycle-process:2.7.0] AndroidManifest.xml:24:9-32:20
MERGED from [androidx.lifecycle:lifecycle-process:2.7.0] AndroidManifest.xml:24:9-32:20
MERGED from [androidx.profileinstaller:profileinstaller:1.3.1] AndroidManifest.xml:24:9-32:20
MERGED from [androidx.profileinstaller:profileinstaller:1.3.1] AndroidManifest.xml:24:9-32:20
MERGED from [androidx.startup:startup-runtime:1.1.1] AndroidManifest.xml:26:9-30:34
MERGED from [androidx.startup:startup-runtime:1.1.1] AndroidManifest.xml:26:9-30:34
	tools:node
		ADDED from [androidx.work:work-runtime:2.8.1] AndroidManifest.xml:33:13-31
	android:authorities
		ADDED from [androidx.work:work-runtime:2.8.1] AndroidManifest.xml:31:13-68
	android:exported
		ADDED from [androidx.work:work-runtime:2.8.1] AndroidManifest.xml:32:13-37
	android:name
		ADDED from [androidx.work:work-runtime:2.8.1] AndroidManifest.xml:30:13-67
meta-data#androidx.work.WorkManagerInitializer
ADDED from [androidx.work:work-runtime:2.8.1] AndroidManifest.xml:34:13-36:52
	android:value
		ADDED from [androidx.work:work-runtime:2.8.1] AndroidManifest.xml:36:17-49
	android:name
		ADDED from [androidx.work:work-runtime:2.8.1] AndroidManifest.xml:35:17-68
service#androidx.work.impl.background.systemalarm.SystemAlarmService
ADDED from [androidx.work:work-runtime:2.8.1] AndroidManifest.xml:39:9-45:35
	android:enabled
		ADDED from [androidx.work:work-runtime:2.8.1] AndroidManifest.xml:42:13-72
	android:exported
		ADDED from [androidx.work:work-runtime:2.8.1] AndroidManifest.xml:43:13-37
	tools:ignore
		ADDED from [androidx.work:work-runtime:2.8.1] AndroidManifest.xml:44:13-60
	tools:targetApi
		ADDED from [androidx.work:work-runtime:2.8.1] AndroidManifest.xml:45:13-32
	android:directBootAware
		ADDED from [androidx.work:work-runtime:2.8.1] AndroidManifest.xml:41:13-44
	android:name
		ADDED from [androidx.work:work-runtime:2.8.1] AndroidManifest.xml:40:13-88
service#androidx.work.impl.background.systemjob.SystemJobService
ADDED from [androidx.work:work-runtime:2.8.1] AndroidManifest.xml:46:9-52:35
	android:enabled
		ADDED from [androidx.work:work-runtime:2.8.1] AndroidManifest.xml:49:13-70
	android:exported
		ADDED from [androidx.work:work-runtime:2.8.1] AndroidManifest.xml:50:13-36
	android:permission
		ADDED from [androidx.work:work-runtime:2.8.1] AndroidManifest.xml:51:13-69
	tools:targetApi
		ADDED from [androidx.work:work-runtime:2.8.1] AndroidManifest.xml:52:13-32
	android:directBootAware
		ADDED from [androidx.work:work-runtime:2.8.1] AndroidManifest.xml:48:13-44
	android:name
		ADDED from [androidx.work:work-runtime:2.8.1] AndroidManifest.xml:47:13-84
service#androidx.work.impl.foreground.SystemForegroundService
ADDED from [androidx.work:work-runtime:2.8.1] AndroidManifest.xml:53:9-59:35
	android:enabled
		ADDED from [androidx.work:work-runtime:2.8.1] AndroidManifest.xml:56:13-77
	android:exported
		ADDED from [androidx.work:work-runtime:2.8.1] AndroidManifest.xml:57:13-37
	tools:ignore
		ADDED from [androidx.work:work-runtime:2.8.1] AndroidManifest.xml:58:13-60
	tools:targetApi
		ADDED from [androidx.work:work-runtime:2.8.1] AndroidManifest.xml:59:13-32
	android:directBootAware
		ADDED from [androidx.work:work-runtime:2.8.1] AndroidManifest.xml:55:13-44
	android:name
		ADDED from [androidx.work:work-runtime:2.8.1] AndroidManifest.xml:54:13-81
receiver#androidx.work.impl.utils.ForceStopRunnable$BroadcastReceiver
ADDED from [androidx.work:work-runtime:2.8.1] AndroidManifest.xml:61:9-66:35
	android:enabled
		ADDED from [androidx.work:work-runtime:2.8.1] AndroidManifest.xml:64:13-35
	android:exported
		ADDED from [androidx.work:work-runtime:2.8.1] AndroidManifest.xml:65:13-37
	tools:targetApi
		ADDED from [androidx.work:work-runtime:2.8.1] AndroidManifest.xml:66:13-32
	android:directBootAware
		ADDED from [androidx.work:work-runtime:2.8.1] AndroidManifest.xml:63:13-44
	android:name
		ADDED from [androidx.work:work-runtime:2.8.1] AndroidManifest.xml:62:13-88
receiver#androidx.work.impl.background.systemalarm.ConstraintProxy$BatteryChargingProxy
ADDED from [androidx.work:work-runtime:2.8.1] AndroidManifest.xml:67:9-77:20
	android:enabled
		ADDED from [androidx.work:work-runtime:2.8.1] AndroidManifest.xml:70:13-36
	android:exported
		ADDED from [androidx.work:work-runtime:2.8.1] AndroidManifest.xml:71:13-37
	tools:targetApi
		ADDED from [androidx.work:work-runtime:2.8.1] AndroidManifest.xml:72:13-32
	android:directBootAware
		ADDED from [androidx.work:work-runtime:2.8.1] AndroidManifest.xml:69:13-44
	android:name
		ADDED from [androidx.work:work-runtime:2.8.1] AndroidManifest.xml:68:13-106
intent-filter#action:name:android.intent.action.ACTION_POWER_CONNECTED+action:name:android.intent.action.ACTION_POWER_DISCONNECTED
ADDED from [androidx.work:work-runtime:2.8.1] AndroidManifest.xml:73:13-76:29
action#android.intent.action.ACTION_POWER_CONNECTED
ADDED from [androidx.work:work-runtime:2.8.1] AndroidManifest.xml:74:17-87
	android:name
		ADDED from [androidx.work:work-runtime:2.8.1] AndroidManifest.xml:74:25-84
action#android.intent.action.ACTION_POWER_DISCONNECTED
ADDED from [androidx.work:work-runtime:2.8.1] AndroidManifest.xml:75:17-90
	android:name
		ADDED from [androidx.work:work-runtime:2.8.1] AndroidManifest.xml:75:25-87
receiver#androidx.work.impl.background.systemalarm.ConstraintProxy$BatteryNotLowProxy
ADDED from [androidx.work:work-runtime:2.8.1] AndroidManifest.xml:78:9-88:20
	android:enabled
		ADDED from [androidx.work:work-runtime:2.8.1] AndroidManifest.xml:81:13-36
	android:exported
		ADDED from [androidx.work:work-runtime:2.8.1] AndroidManifest.xml:82:13-37
	tools:targetApi
		ADDED from [androidx.work:work-runtime:2.8.1] AndroidManifest.xml:83:13-32
	android:directBootAware
		ADDED from [androidx.work:work-runtime:2.8.1] AndroidManifest.xml:80:13-44
	android:name
		ADDED from [androidx.work:work-runtime:2.8.1] AndroidManifest.xml:79:13-104
intent-filter#action:name:android.intent.action.BATTERY_LOW+action:name:android.intent.action.BATTERY_OKAY
ADDED from [androidx.work:work-runtime:2.8.1] AndroidManifest.xml:84:13-87:29
action#android.intent.action.BATTERY_OKAY
ADDED from [androidx.work:work-runtime:2.8.1] AndroidManifest.xml:85:17-77
	android:name
		ADDED from [androidx.work:work-runtime:2.8.1] AndroidManifest.xml:85:25-74
action#android.intent.action.BATTERY_LOW
ADDED from [androidx.work:work-runtime:2.8.1] AndroidManifest.xml:86:17-76
	android:name
		ADDED from [androidx.work:work-runtime:2.8.1] AndroidManifest.xml:86:25-73
receiver#androidx.work.impl.background.systemalarm.ConstraintProxy$StorageNotLowProxy
ADDED from [androidx.work:work-runtime:2.8.1] AndroidManifest.xml:89:9-99:20
	android:enabled
		ADDED from [androidx.work:work-runtime:2.8.1] AndroidManifest.xml:92:13-36
	android:exported
		ADDED from [androidx.work:work-runtime:2.8.1] AndroidManifest.xml:93:13-37
	tools:targetApi
		ADDED from [androidx.work:work-runtime:2.8.1] AndroidManifest.xml:94:13-32
	android:directBootAware
		ADDED from [androidx.work:work-runtime:2.8.1] AndroidManifest.xml:91:13-44
	android:name
		ADDED from [androidx.work:work-runtime:2.8.1] AndroidManifest.xml:90:13-104
intent-filter#action:name:android.intent.action.DEVICE_STORAGE_LOW+action:name:android.intent.action.DEVICE_STORAGE_OK
ADDED from [androidx.work:work-runtime:2.8.1] AndroidManifest.xml:95:13-98:29
action#android.intent.action.DEVICE_STORAGE_LOW
ADDED from [androidx.work:work-runtime:2.8.1] AndroidManifest.xml:96:17-83
	android:name
		ADDED from [androidx.work:work-runtime:2.8.1] AndroidManifest.xml:96:25-80
action#android.intent.action.DEVICE_STORAGE_OK
ADDED from [androidx.work:work-runtime:2.8.1] AndroidManifest.xml:97:17-82
	android:name
		ADDED from [androidx.work:work-runtime:2.8.1] AndroidManifest.xml:97:25-79
receiver#androidx.work.impl.background.systemalarm.ConstraintProxy$NetworkStateProxy
ADDED from [androidx.work:work-runtime:2.8.1] AndroidManifest.xml:100:9-109:20
	android:enabled